<?xml version="1.0" encoding="UTF-8"?>
<!-- Generated by org.testng.reporters.JUnitXMLReporter -->
<testsuite ignored="0" hostname="DESKTOP-QSMRSOP" failures="1" tests="1" name="testDriver" time="9.113" errors="0" timestamp="2022-08-29T15:22:09 IST">
  <testcase classname="Assignment.ElementsTestCases" name="testDriver" time="3.528">
    <failure type="java.lang.NullPointerException" message="Cannot invoke &amp;quot;org.openqa.selenium.WebDriver.get(String)&amp;quot; because &amp;quot;this.driver&amp;quot; is null">
      <![CDATA[java.lang.NullPointerException: Cannot invoke "org.openqa.selenium.WebDriver.get(String)" because "this.driver" is null
at Assignment.Elements.goTo(Elements.java:75)
at Assignment.ElementsTestCases.testDriver(ElementsTestCases.java:22)
at java.base/java.util.ArrayList.forEach(ArrayList.java:1511)
... Removed 27 stack frames]]>
    </failure>
  </testcase> <!-- testDriver -->
</testsuite> <!-- testDriver -->
